<?xml version="1.0" encoding="UTF-8"?>
<testsuite name="com.tomc.sysapp.SYSParkingApplicationTests" tests="1" skipped="0" failures="0" errors="0" timestamp="2021-10-21T03:34:56" hostname="DESKTOP-BM73QAT" time="0.437">
  <properties/>
  <testcase name="contextLoads()" classname="com.tomc.sysapp.SYSParkingApplicationTests" time="0.437"/>
  <system-out><![CDATA[00:34:41.934 [Test worker] DEBUG org.springframework.test.context.BootstrapUtils - Instantiating CacheAwareContextLoaderDelegate from class [org.springframework.test.context.cache.DefaultCacheAwareContextLoaderDelegate]
00:34:41.978 [Test worker] DEBUG org.springframework.test.context.BootstrapUtils - Instantiating BootstrapContext using constructor [public org.springframework.test.context.support.DefaultBootstrapContext(java.lang.Class,org.springframework.test.context.CacheAwareContextLoaderDelegate)]
00:34:42.079 [Test worker] DEBUG org.springframework.test.context.BootstrapUtils - Instantiating TestContextBootstrapper for test class [com.tomc.sysapp.SYSParkingApplicationTests] from class [org.springframework.boot.test.context.SpringBootTestContextBootstrapper]
00:34:42.165 [Test worker] INFO org.springframework.boot.test.context.SpringBootTestContextBootstrapper - Neither @ContextConfiguration nor @ContextHierarchy found for test class [com.tomc.sysapp.SYSParkingApplicationTests], using SpringBootContextLoader
00:34:42.175 [Test worker] DEBUG org.springframework.test.context.support.AbstractContextLoader - Did not detect default resource location for test class [com.tomc.sysapp.SYSParkingApplicationTests]: class path resource [com/tomc/sysapp/SYSParkingApplicationTests-context.xml] does not exist
00:34:42.194 [Test worker] DEBUG org.springframework.test.context.support.AbstractContextLoader - Did not detect default resource location for test class [com.tomc.sysapp.SYSParkingApplicationTests]: class path resource [com/tomc/sysapp/SYSParkingApplicationTestsContext.groovy] does not exist
00:34:42.195 [Test worker] INFO org.springframework.test.context.support.AbstractContextLoader - Could not detect default resource locations for test class [com.tomc.sysapp.SYSParkingApplicationTests]: no resource found for suffixes {-context.xml, Context.groovy}.
00:34:42.197 [Test worker] INFO org.springframework.test.context.support.AnnotationConfigContextLoaderUtils - Could not detect default configuration classes for test class [com.tomc.sysapp.SYSParkingApplicationTests]: SYSParkingApplicationTests does not declare any static, non-private, non-final, nested classes annotated with @Configuration.
00:34:42.506 [Test worker] DEBUG org.springframework.test.context.support.ActiveProfilesUtils - Could not find an 'annotation declaring class' for annotation type [org.springframework.test.context.ActiveProfiles] and class [com.tomc.sysapp.SYSParkingApplicationTests]
00:34:42.758 [Test worker] DEBUG org.springframework.context.annotation.ClassPathScanningCandidateComponentProvider - Identified candidate component class: file [C:\Users\tomyc\OneDrive\Escritorio\betatest\build\classes\java\main\com\tomc\sysapp\SYSParkingApplication.class]
00:34:42.761 [Test worker] INFO org.springframework.boot.test.context.SpringBootTestContextBootstrapper - Found @SpringBootConfiguration com.tomc.sysapp.SYSParkingApplication for test class com.tomc.sysapp.SYSParkingApplicationTests
00:34:44.824 [Test worker] DEBUG org.springframework.boot.test.context.SpringBootTestContextBootstrapper - @TestExecutionListeners is not present for class [com.tomc.sysapp.SYSParkingApplicationTests]: using defaults.
00:34:44.825 [Test worker] INFO org.springframework.boot.test.context.SpringBootTestContextBootstrapper - Loaded default TestExecutionListener class names from location [META-INF/spring.factories]: [org.springframework.security.test.context.support.WithSecurityContextTestExecutionListener, org.springframework.security.test.context.support.ReactorContextTestExecutionListener, org.springframework.boot.test.autoconfigure.restdocs.RestDocsTestExecutionListener, org.springframework.boot.test.autoconfigure.web.client.MockRestServiceServerResetTestExecutionListener, org.springframework.boot.test.autoconfigure.web.servlet.MockMvcPrintOnlyOnFailureTestExecutionListener, org.springframework.boot.test.autoconfigure.web.servlet.WebDriverTestExecutionListener, org.springframework.boot.test.autoconfigure.webservices.client.MockWebServiceServerTestExecutionListener, org.springframework.boot.test.mock.mockito.MockitoTestExecutionListener, org.springframework.boot.test.mock.mockito.ResetMocksTestExecutionListener, org.springframework.test.context.web.ServletTestExecutionListener, org.springframework.test.context.support.DirtiesContextBeforeModesTestExecutionListener, org.springframework.test.context.event.ApplicationEventsTestExecutionListener, org.springframework.test.context.support.DependencyInjectionTestExecutionListener, org.springframework.test.context.support.DirtiesContextTestExecutionListener, org.springframework.test.context.transaction.TransactionalTestExecutionListener, org.springframework.test.context.jdbc.SqlScriptsTestExecutionListener, org.springframework.test.context.event.EventPublishingTestExecutionListener]
00:34:44.966 [Test worker] INFO org.springframework.boot.test.context.SpringBootTestContextBootstrapper - Using TestExecutionListeners: [org.springframework.test.context.web.ServletTestExecutionListener@dff7bed, org.springframework.test.context.support.DirtiesContextBeforeModesTestExecutionListener@21f009a3, org.springframework.test.context.event.ApplicationEventsTestExecutionListener@5596b9e6, org.springframework.boot.test.mock.mockito.MockitoTestExecutionListener@34d6430e, org.springframework.boot.test.autoconfigure.SpringBootDependencyInjectionTestExecutionListener@4200766a, org.springframework.test.context.support.DirtiesContextTestExecutionListener@631cc298, org.springframework.test.context.transaction.TransactionalTestExecutionListener@3251e94, org.springframework.test.context.jdbc.SqlScriptsTestExecutionListener@56de3cd, org.springframework.security.test.context.support.WithSecurityContextTestExecutionListener@441f662c, org.springframework.test.context.event.EventPublishingTestExecutionListener@41926435, org.springframework.security.test.context.support.ReactorContextTestExecutionListener@6a68132d, org.springframework.boot.test.autoconfigure.restdocs.RestDocsTestExecutionListener@f1f626, org.springframework.boot.test.autoconfigure.web.client.MockRestServiceServerResetTestExecutionListener@3f60de12, org.springframework.boot.test.autoconfigure.web.servlet.MockMvcPrintOnlyOnFailureTestExecutionListener@6d81b607, org.springframework.boot.test.autoconfigure.web.servlet.WebDriverTestExecutionListener@47da21e1, org.springframework.boot.test.autoconfigure.webservices.client.MockWebServiceServerTestExecutionListener@4815affa, org.springframework.boot.test.mock.mockito.ResetMocksTestExecutionListener@713c68a4]
00:34:44.977 [Test worker] DEBUG org.springframework.test.context.support.AbstractDirtiesContextTestExecutionListener - Before test class: context [DefaultTestContext@1d4769ca testClass = SYSParkingApplicationTests, testInstance = [null], testMethod = [null], testException = [null], mergedContextConfiguration = [WebMergedContextConfiguration@60c4ad67 testClass = SYSParkingApplicationTests, locations = '{}', classes = '{class com.tomc.sysapp.SYSParkingApplication}', contextInitializerClasses = '[]', activeProfiles = '{}', propertySourceLocations = '{}', propertySourceProperties = '{org.springframework.boot.test.context.SpringBootTestContextBootstrapper=true}', contextCustomizers = set[org.springframework.boot.test.autoconfigure.actuate.metrics.MetricsExportContextCustomizerFactory$DisableMetricExportContextCustomizer@637bfeb9, org.springframework.boot.test.autoconfigure.properties.PropertyMappingContextCustomizer@0, org.springframework.boot.test.autoconfigure.web.servlet.WebDriverContextCustomizerFactory$Customizer@5b98507c, org.springframework.boot.test.context.filter.ExcludeFilterContextCustomizer@3ea42fef, org.springframework.boot.test.json.DuplicateJsonObjectContextCustomizerFactory$DuplicateJsonObjectContextCustomizer@76a89688, org.springframework.boot.test.mock.mockito.MockitoContextCustomizer@0, org.springframework.boot.test.web.client.TestRestTemplateContextCustomizer@7e072e6a, org.springframework.boot.test.context.SpringBootTestArgs@1, org.springframework.boot.test.context.SpringBootTestWebEnvironment@31d22361], resourceBasePath = 'src/main/webapp', contextLoader = 'org.springframework.boot.test.context.SpringBootContextLoader', parent = [null]], attributes = map['org.springframework.test.context.web.ServletTestExecutionListener.activateListener' -> true]], class annotated with @DirtiesContext [false] with mode [null].
00:34:45.085 [Test worker] DEBUG org.springframework.test.context.support.TestPropertySourceUtils - Adding inlined properties to environment: {spring.jmx.enabled=false, org.springframework.boot.test.context.SpringBootTestContextBootstrapper=true}

  .   ____          _            __ _ _
 /\\ / ___'_ __ _ _(_)_ __  __ _ \ \ \ \
( ( )\___ | '_ | '_| | '_ \/ _` | \ \ \ \
 \\/  ___)| |_)| | | | | || (_| |  ) ) ) )
  '  |____| .__|_| |_|_| |_\__, | / / / /
 =========|_|==============|___/=/_/_/_/
 :: Spring Boot ::                (v2.5.4)

2021-10-21 00:34:47.015  INFO 864 --- [    Test worker] c.t.sysapp.SYSParkingApplicationTests    : Starting SYSParkingApplicationTests using Java 16 on DESKTOP-BM73QAT with PID 864 (started by tomyc in C:\Users\tomyc\OneDrive\Escritorio\betatest)
2021-10-21 00:34:47.021  INFO 864 --- [    Test worker] c.t.sysapp.SYSParkingApplicationTests    : No active profile set, falling back to default profiles: default
2021-10-21 00:34:49.625  INFO 864 --- [    Test worker] .s.d.r.c.RepositoryConfigurationDelegate : Bootstrapping Spring Data JPA repositories in DEFAULT mode.
2021-10-21 00:34:49.837  INFO 864 --- [    Test worker] .s.d.r.c.RepositoryConfigurationDelegate : Finished Spring Data repository scanning in 192 ms. Found 1 JPA repository interfaces.
2021-10-21 00:34:50.972  INFO 864 --- [    Test worker] com.zaxxer.hikari.HikariDataSource       : HikariPool-1 - Starting...
2021-10-21 00:34:51.612  INFO 864 --- [    Test worker] com.zaxxer.hikari.HikariDataSource       : HikariPool-1 - Start completed.
2021-10-21 00:34:51.769  INFO 864 --- [    Test worker] o.hibernate.jpa.internal.util.LogHelper  : HHH000204: Processing PersistenceUnitInfo [name: default]
2021-10-21 00:34:51.911  INFO 864 --- [    Test worker] org.hibernate.Version                    : HHH000412: Hibernate ORM core version 5.4.32.Final
2021-10-21 00:34:52.284  INFO 864 --- [    Test worker] o.hibernate.annotations.common.Version   : HCANN000001: Hibernate Commons Annotations {5.1.2.Final}
2021-10-21 00:34:52.516  INFO 864 --- [    Test worker] org.hibernate.dialect.Dialect            : HHH000400: Using dialect: org.hibernate.dialect.MySQL5InnoDBDialect
2021-10-21 00:34:54.173  INFO 864 --- [    Test worker] org.hibernate.tuple.PojoInstantiator     : HHH000182: No default (no-argument) constructor for class: com.tomc.sysapp.model.vehicle.impl.Brand (class must be instantiated by Interceptor)
2021-10-21 00:34:54.338  INFO 864 --- [    Test worker] o.h.e.t.j.p.i.JtaPlatformInitiator       : HHH000490: Using JtaPlatform implementation: [org.hibernate.engine.transaction.jta.platform.internal.NoJtaPlatform]
2021-10-21 00:34:54.364  INFO 864 --- [    Test worker] j.LocalContainerEntityManagerFactoryBean : Initialized JPA EntityManagerFactory for persistence unit 'default'
2021-10-21 00:34:55.509  WARN 864 --- [    Test worker] JpaBaseConfiguration$JpaWebConfiguration : spring.jpa.open-in-view is enabled by default. Therefore, database queries may be performed during view rendering. Explicitly configure spring.jpa.open-in-view to disable this warning
2021-10-21 00:34:56.777  INFO 864 --- [    Test worker] c.t.sysapp.SYSParkingApplicationTests    : Started SYSParkingApplicationTests in 11.596 seconds (JVM running for 18.323)
]]></system-out>
  <system-err><![CDATA[]]></system-err>
</testsuite>
